You messed up!debug: sending emaildebug: sending emaiL
debug: sending email
debug: sending email
{"success":true,"message":"Message Sent!"}
debug: sending email
{"success":true,"message":"Message Sent!"}
debug: sending email
{"success":true,"message":"Message Sent!"}
debug: sending email
{"success":true,"message":"Message Sent!"}
debug: sending email
debug: delivery status: 1
{"success":true,"message":"Message Sent!"}
debug: sending email
debug: delivery status: 
{"success":true,"message":"Message Sent!"}
debug: sending email
{"success":true,"message":"Message Sent!"}
debug: sending email
{"success":true,"message":"Message Sent!"}
debug: sending email
{"success":true,"message":"Message Sent!"}
debug: sending email
{"success":true,"message":"Message Sent!"}
debug: sending email
{"success":true,"message":"Message Sent!"}
debug: sending email
{"success":true,"message":"Message Sent!"}
debug: sending email
{"success":true,"message":"Message Sent!"}
debug: sending email
{"success":true,"message":"Message Sent!"}
debug: sending email
{"success":true,"message":"Message Sent!"}
debug: sending email
{"success":true,"message":"Message Sent!"}
debug: sending email
{"success":true,"message":"Message Sent!"}
debug: sending email
{"success":true,"message":"Message Sent!"}
debug: sending email
{"success":true,"message":"Message Sent!"}
debug: sending email
{"success":true,"message":"Message Sent!"}
debug: sending email
{"success":true,"message":"Message Sent!"}
debug: sending email
{"success":true,"message":"Message Sent!"}
debug: sending email
{"success":true,"message":"Message Sent!"}
debug: sending email
{"success":false,"message":"Message Failed!"}
debug: sending email
{"success":false,"message":"Message Failed!"}
debug: sending email
{"success":true,"message":"Message Sent!"}
debug: captcha response was empty - 
debug: captcha response was empty - 
debug: captcha response was empty - 
debug: captcha response was empty - 
debug: captcha response was empty - 
debug: captcha response was empty - 
debug: sending email
{"success":true,"message":"Message Sent!"}
debug: sending email
{"success":true,"message":"Message Sent!"}
debug: changing recaptcha - 03NUW_IhinFoztlJztb8NZ9iiw2H2wEaWwx9wxUGGsBZdTF-_Psl2URbIzjmESaHdpMPVN_tsiifCE7APXd54H_4yIKcj_n4RHyNlUZgCws09JWUmrtdY-xuJxKluNmUfi5Mz2z2n7S7XyIP66HknxvenKZpHJFtl1yU9kILvjlaIRcJKLlItdODOxw-W4mSMydcWdCGAZp7oezq_9PRLUnT7HYASVev99oFgRj4rqrdZG9NHQCUJNbdVhuhz5esiGSVDcC02KxEihOQ6r6n7n20O8ulhz_jTZQCkoYx_OngCGuWmdYzBUNefZjBgmE3Xw-U-3q6Yce_XB0h_cy0lJSzFGlxEveiNSLXCVAFCnYJdKMNPpaMdVp1v2N2PNqJay3oVefINW2pC6T9YWQwLWbeYzEzZ2qDQmoWzz316wTIr4y438eNjViQGoKGvnBG-AFJ0enaz5wUA0fF1NjVXcVarvD7WJDpWyPezK1PJUN2A7Wi9buRlXhr8LS2uudeJtfu7TBoMVUv60srg0_uQOiB_vLInRXFOl5riGVlHxeqgvH5L48SPr1JpmcBVEp-ZPSlA9CzCfwDbZgDrdQA9XZJJ90G4-DXtAWyYtmL6vQJLPc6UlV1aTfuXOwAzIDrCVCeYPOyl7_f-c1Z01E467WJ2ofb7ZYoUk06AOTvh3PUsicZVOpXKlNPaTpS-jwiMRtpPQXgHJmKYOW3ZQWrf32rCedobGl6hGFO90UdBrFGTTCrm2iz1pT2UH0S5M3H7i9EGlPFIxFryKWCisX8sW_25cqhf_WcDMJlc9Ffn7E-xvdu4rRqSxSM76G0hB-xzVWw7ZuZ9zJfUSJ4yaIgSbs5A-s-VWg0FE71u1Yg77Z7YVXuWLj99lZrpotTe_fU1wC-kwViEpnDVbYY8uOTUXwxqMQD7aM7ICJj1IS6arxe5fIjB3Us_OWncwXjozevTQ0zpsvdQeSOsT1ivJE9DttEmh9_jLl_XQYN
debug: changing recaptcha - 03NUW_IhfrXGn69fE9SVhjI2cg4TiM3yf52TegZH5c-LVH1TSdFNw_46qZ5lGmJ7U9QfpnzcQCIbvZATnBYuRNtP5ZEThFiYot85a49EmWZ_NYW3joHEmnLI6ZiRzNVT2q5mjTFugZyspmHW6M12iUFIWxNh6bR31r31ZD-XzVPNcyyRky84y0nMrlsKtskqJxCKsn88QNjzsQMlz3So68qfDcUOkfl5Zgw9VUoqRIzI5hm6Cl4AL4YkSqesCzzjzSOUtszPvCujPae_l0PUBAM6VBsQiFnpVNk6zaxbPx4QkB8TcZL5ShIpq3ZAulZZhVA6wz8tm-1dv0JicrRJONUl9ZDN6soijJuPwUY8bEKa5yqUZ9ylqdRi_rQthUbhTdz6pS_w4S582sISyiJKKomGqEEt0maNkVmOASNhe5Tz7-ANrmUWPF500IjjgRex8Q7-GDKPSZ8ReldtbVZlaH0hkb-iyfy_GqLXX9qZiINlB7bjAtEiLa79uLV2yaNWsRJr9BLW-40a5Cmi6u2dNkdiaFrhYhpurbW3kxqZcPjMIUl3K6UrksE1ae7daFH9fkTWeQhShWcIdhuPs4s-NIrwv-k0K5X4BIVoekBzcZ7zUQa-nN-Z-8MDkZt0oMhgJjqt6XI9UhWLhZccFWSUAIRr0NeTSSj-fXc6zxJfVEGm2tHYcYogNFhYMqAh1o0SWNVVojOsMHx2dEFIC-I5WF2L04813DVJOmbdYT9oebc3NYjemZcLBxAWjqys2-yO9aSATYKE2MGh6JVRt6rVBgqvIxNEEuXapozwXLEDczePluGnKEHz13HbKyV_ENgdYLcUcUF76Js2SYyKO4uGP0PIPRfpvtUV_1JcI-UjQqqlF5Zy46zih1tNbLe-g3DJ50AB1Afz1vzKq4TInfrEgEAgKGJ30xNE5XeJH2jTNdexVJDXHTJTKDSDd17lVok54tbXLERC1AR_UZfZpLMu-PDX1BkA5J5wxnKPQpnanhFJgjp4DFKucSDWvkBtR-YBgqfdfeVSB_kFbOXbqCFfSJsuzljJiQm3NquiLSS_IHacuo6hchFtNpOTvJyWtvOGjRlbNTLQmXOq2DZYP5ya6RMb_P_mc49xb9ADydQIYV6zRwttqfm7b1HcER1z9YrTiCbo_HUI7C-Oag8qe2umP8RvVzrZ9nYQYK0D
debug: 
debug: [response] - 03NUW_IhiKgitHRaClInJgJsyPlOsViJf4X3gZM7O1Sq5_nLel5IXv4LcIP6xo6UTZaWgf9O3tUdYeqUsQ9jJd0GW8NdzsY3Vw726RMzt2TlPzVmyX_bGA0gAYimYBtfTobDqdDAWoq9xpOMr6y2GDLXwRcoFtyONpOprVzBOfP1CQB7vsxOhr6sS82lXunpqyoH6051rzjmYXCQdbWZpSruCxDlst8p-Ivt3lEYEAWrsUWjt1cAYuUeduYgX1J_DDakGiD03LtXbYqsCgCqWi6mk6IfyDv-zU9b8BSK5W9ZCK3fYug8raJDPeBkDw5hV8NweTyjsygX2t4TNGCuapjUkQmD6fGNSUniFTJeVT7lMBK4uHfAj-_zuLx59C5GMRk9ayhywTCjlbWtxGm2DzMu2-rDOi95KRjXPjguMSb7WRvYclPLQGK0XKy4ab4MZSKX4dtqnWxqjpjQSaBVkNKQolrN41KTWvQaMbw6IIXhaff3GPD5_gVZV7hyGcJOUiI8eYnKLnntU-_JkfqT4X0UwHmn3zeY3bxm6c0pN4WWhvPI29xZZrVcQJKs2JoVHgQwWDyTcVdHdU_KMYVX5UxxMV9nJ7cA3UKQf_PXg_tKTvLbAJ57BSSBWJLj_G5ofXBMvCCsz41d7k2kirqaurQW13OqbZRIZ9fp13B9MRaZEHDLGFbTq-rkuIoXNhKbiSDCF9BvlMzmDS7mbEwwGjfv1cUO5jStCz50oNcDZSp_P_DMbbVCdYTIKquvMz3GGxvvPCAZh2ewqjs2ku7N-kQu1ga3UOdvwggb8HtJwxWoLMFqRBHnWsZUMJW-6NUwuONbq1b5a9N4TF8qrR1ceCAEYSWI0Vjt1bFP0zhlITRdxkCEBMYjKbxzLNC0NQYtXU_NCTwj8v9Xv2VqbYaebwbbEJ0FkjIKprEv6c2oQ6R5GaWNjZcHOQ9P5rtGunCdMq4tHVI_rIuGPSZorHfyEZ1P1h0N5Tmm--1t
debug: 
debug: [response] - 03AHJ_VuvLbvxF-tI8vhxeN2HdWv2R5NudpECpZp73y24p7voz_5xw6claREEl08ZTw5QOLkCXwkTY5CfwR8mYy_nxU_o5Y8aC9pPrptw1PVSqWLW-0DNXaCTxk6sQQtbHkF5jRLKkxYHi8pfWuztht6NGrsAcAiJnqGwiz2q7Vbcw7CFHQ8Cdv6B9RbNLBCGGSIC7FfqdSLCiqbmTc_KwO57Vf2GCccWsJ_ptYbPtfsea9EojXfbd-rTNrxviH5hl_Z-ph7kmzvu6hHfh5bF8aedlJFsjBTpofmr5v56jlB541QjpkAeXsLDQbbAuukTVwwBgFl7bT3tt6gZWk4vPzR5st1frQFMN2Oy5SLhhamj9IiRzqFPoeTZMWm9eZ_jAeV_8VLvf2LRjUoBgGsf5fKRe5HQZhKkb9skNAlyFOqpIMcfQVU4G3ERcTF4bz0dKrWWJvyPPQ5flwvvExHb6uJJ-ovlANqAvTLxWP1tYz7cenQ0j17YVRvoaAjUQLd8oZl2oZ6udKgxQGZSAg9Q_33Bm1NDK1Jz1sNQkGJMnigMAiASpWEMSlWWsCAba18tYN1cijkh_lcyrU2vDdmO06OrnfocLeZr4NTpKxAfY8BDRxTlBCjugMuWeUT1A1v1TaPTpndZtYoRzrHvehEDyBu0Kvjle6KUGev04ERPQHnY-A-NvW0FNA6jYxmZc8GAJkz9_U_ogY_DHkYbCYAg_rmqcZo05_pB5GRlRtb343jSi1RvA5zYCIIDHMa67a_agEu5U6yhy9Qpq9k2AVU6OH4DybaFj24hQVjdQlPgAAKoOf_MVj956W9UOX7cGwWcYEaYLr3MpBFzm3riqdHGe-ZNwvmsEIdbIfP7YI4mr-a3riw6eP2342e2WbiV_OsLFdsAOGDVGb7CGHX9vHQti-gajGKX21jvVqmTFuWbD8uk1j5-1MhhwhyZLFWOFPbLyxmH_AISUlwJ00sCqv3xHMVVaNh_k5ObzPA
debug: [verified] - 1
debug: sending email
{"success":true,"message":"Message Sent!"}
debug: [response] - 03NUW_IhhN9jqdip_4ZnAEI5rAsrggE17xRJROJTdPzFAvolK0abaUpYkQg7pQqjbuzDDAiUKGEANA8BJO-lKGE6W-VuwVO59v9H4NS70qMmsEJ0ioCX-Xky1XuU2n91Vr3kz85ZTmcJTK_a4HpNk_orXgN0x-HD2behdNvjEevCBstf3L1EMPzoV_T_dh0i4XfiylqWBqbnk-6t0o2-uLAoqGTUhw0rzSbLjeTEy3aFu2juVhuTU-79loIesEaw_vk2m14-5xIuLFkkKQAacrvAvwecpvaJLSuKb40HOh_QLcaDlUanApl-TIYOj8d-zpJvjy_MQRiCaMSgIW4wFwYfZFxHofVn5t6BMvkqe8AMlCkCOSPwMuzJZeD52UQ_Y9MA-KAvhSfZBuTDscM0AYppGh2GPI6U2kP8yWGpFWNox4d6v2z1VxYOUt75FtTePNNvEdWvYvD_klWd3lxrQitBRREShUemH6m6H8vbBDlcQZpzajvTaQMr74RtsrQ1p_4dg_fp0QkMZnMwgCWXJZ1xbseSMxMCyRKWJukPF0cxEkQPAUXcg4--AsLND1ki_l3-nrxnVa7NoycwO0qN7uC_r0_clEkH4S7OZxf16yekDQVGE3m6UODDWPua1OmzZU0UNrHF3ESaAd4bHAJGQRa2MDWeglSzFoOzm9u3uEeZqb1QTxsN94unPshlXexAMh9kycemg9FcxubwOAuv07Mv-eeASp6WPBp2IOFincJjFzzgp_iYKsQEQRR1L5Ccn1rH-2mhgpWrlsn7kEKqlwQ3Bd2kXQK-MSYw3dEhnRDyS0WdAn6z7OtKa8CVzOPaBE_noGpKIBHhNCjqS05MQOInkbduBA6BLPzWBJurxn8Kn7sRxe2aB-NPj4eNQDyi9a94VMZu9uNU6_so9nZxyrZrhqcGbhbGzIA_8ml8OVMrUTP3gbX5IqIQC3Jb1CpAXgG_ka4f5c_340jjxD4t4daFtPWCMdD010Ww62sqYbpAMIzutF9yt6K4GyuBcK_c6TWPm-fAaPqQWs
debug: [verified] - 
debug: [response] - 03NUW_IhhOtcQcTYovSjSWDBmJWCLazaimkhySmh1qKQILJj3TckLdTc6UT9PG2Is2NHz5c4VlBlhrEVs3wzrENd4USfAdaOEwpsa8933tj8Lnsq8S1g0LONblCOQwHkFkSAn93EdVDF7VEbjf_w8SIFvQnTQzsND9F5V-_dbjIJRL7mg1nyfabChiTyuEW1dcEyWoDihdGGCZlWs5Vtp5enYLUujFIoY3pm2Vp39UQgnoKZWLy3wmGtoY-xYhumU_-UcfV-CpNwbTyj5SdQNgqVg524v0gkSJMQ7J5F7mY0ek44t8QyCNQMS7K3gMF8OGddG55GGMfiJbUxCAoTdQcMq-HfteChxrKt9aKHT8DBlqknmBTA4Kb6zAfQx1wQ6Gmuth_Rl2Im_T0Rh0XuN6Ob6mLojH_bwlduLNRbdNN-Uqt78_bosyOOVOH90LXkuFzvoiRAhIIAiBEJz5UsWzmuzOrfAUvjHrHSv2LXIInDtj5uBFlZXl0uo9WrRqfrAQG80j8U56FWDP_cwa7mwnzSvTSh8lqeRFG5fR6jJN1x5z_VpVPybzcHq3T9DP7hhpPzEielOVfKBPxOaiDja5G1v13zGfvtbcxo-0Z9v_XO_7OrVnEFvC2XqEdj00Gl4ezWnyAb93Cpplo1bY-GX5ZHE5yLpKJdd-5GKtu81x7WoHJvjWb7ZK4p1RJ01GIIq7_U0IH-LZ88PsYHzt_vrQvTHAWNi-oP6IiHbVwJrIp_mr0f6Bs46qkomsFf9loGi339LzcdTzUvnElM_pJimfZWoI0TqAEBYR5JPFX_8xW2Ir2KjA29zJU-rm1uy4SaiufvwcWd0mIh_TT90DAbF8onYQKLy-R4DN6HGLnQAaGDgnUPSIMnj7F-Lhw3rdfv06jh02Nw6YG-pLyuS3zlVhUdTsQM4IKxt8IG1YNVQHzQZCLWVDtUz40Fk4pU7WIZ1YUVElaKoQ_oq0KTMblSlQKtjW6G62wdZSJj
debug: [verified] - 
debug: [response] - 03NUW_IhhhfPJo6kXTWCMKU-qezKnwisHzumjUDmoxq2zglhYONtoDZf9JWbilVwgUbkJmhHxICgCt4JzyIsRTuh9vGC1RmeeCEv-dBBhI-5CdJ33Wa5RIqIeB1yXeXju-reAZiy9yuLY-3zMp8ukTuavm0Lg-PGcaD1ItJgOb60HYN7zFC3oM7AJ22BJVoBMrtQPx1iHHC8nGVV-I65V2yDQo0xODa1NhKAiqRoHiBumJpAqCmnWWrYAdMWAlv36u9Rj-WlIYH4yKRRKXhzhuF2TujjKo1Pf1wPEZcWuAiCCQNcVqAEpjTyPjKE34GDP6Lg1FdVt9-bSqrxyMS2o_rLcchqlUj2i3qfgSp5mFz4W4A7EgbX7TnhNnW0bH15JNBUfDu00I_LrkMqbcs-QihbNXGnQwz7hdGY48XQVE-vdNuqkMrHRpdIDlH4MwFNo4Q1bVK4f9w0aUnSkUey28Mvi2bgN8uMUeBE2kErWIj8d1h9Zm9TZGLSMOv_VdOVFDRz7YTFFv6yeCzHLla2wHZtbvgp8Eyq2-3yZ9NiYGn3YLKzw1ztwe9YreVJ6ssO385M7jVP22rgJyM2t45t83x1i4zLtWNaRTqDzOwH1Kj4KJaOdWWuu9voyczQNnd9jJ9dF9YDEDYCcbOwhmbsRi96dOIiIMLolUl6vJFlBpRVqjv1J7kU9VMJ4_zv9O-2ltPsU8nxQ5_FOEPLQ14rs6X6CK2g8StWunPNa6Lcp8T2CD6HpXP1ln7X_AsrQsdImvH-rkszEMLCz1GYbBvoexIiDF7JOWjDDvY8B54SW3paClEWjCBcdf8UB8Cbi7k7mjqm2N5pCZJyNoLyODMHI77MB3J28vBhrwU-RNQpUJ3Vg9NrLV6FthUE3HBQ8pFSP4sM5P5oXpeyzNifxPxVsblRUD_bPIuqpEymRA2rTCN0EyxZPS_JzvKVHY-4yVb58TIpHPCBGfD4Se89WIXz4UBQCK7BRz6uADtVpPYe_XR6wlEjxeNR44S4x
debug: [verified] - 
debug: [response] - 03NUW_IhfhGmQ3j5-cueFt4Ub7jwT3AP2fR58fbcQjmJw-Mc75BAptjUpYyeTWfltPR1-NtwrLrr8dSjSg1V778dfWWsHbObPD3JHTuItnzRAhYEGSxxEVBKHDnXnmk_w4wjcjhXusj_hRSL71a5OWcR2yyP2k-PJASW75BwtHM0beO_Yu550Qf-QDw_Khlo_5eraUX--OJQloJ2zEB-4jGoHGM6X45TdAhpm0lZyBIlRpnOUjbKzmqWt7vqMO39QuJpiZg3B6KcQVwJWftLvA9-LL2iORAiJDKi8dqk9WxRTGXhtcUhztm1_mkWp2gnEG4y3AKXHoMfutZqLxVdwYlKFDwZNUWUUz-_Gwg9YBaykUDZdp5tfOnefIbV2AqVXCBm-tFdgZQR7OGpYco7s_GLv1S9nkjgkH9iPtSx4xwQ0YJiOLNntrerBIXBG2uRuyryY0v6qudPTBJ9Ez3OwqR_b4C5OS8wB0f_8EkuEXsqrAkFUmg5vmha-3deWkTXimT9_Y7L2cN-qV4OtkiYDP9xDhsKByILBGLUgqvVL2kkF2uBJinId7KHhFK6Wr0-Ll4xoi7_JReMikB33Ol3XGqX2IAsQVPRB7GcAg_ws4sjxiW1eZXdNOqFB3H3ptesWLFVyN-vvwbtLnC7inUd-C4R-bf88Kk-1YtpRMNQLsBA9iBr-jmbYG5aR3KVtzC4iIMCSMz0v4NYlozNQ1Q4I1Q6eM_3xWYznrX_3Z80u97dMIZgFI8rPphWk3RPN9VRhUcFQMF1GxhqlSZtpFO7EdDY1h7V2ugn96XQQzFk6DSMuvnBHCBuEwxcAkOjj9Vapu5a6J1Q9WUgIP8GFDQExGkXexUkDmkZ9FJspcHmXuHdOEz4BJGEgjVbZcQmZTBmmsdIVDkPd2_A4-xpWZz0wUp0IbKJ7ovo6hY3SuJCT_yj6cbMt3Vfu4q84
debug: [verified] - 
debug: [response] - 03NUW_Ihgr7NUFhkeomXmcxu-_euf0Sik_hWxGVKgmKpyxYE4tuVjmMg_akPlZvR_XyKPXa8QMdFrl9PFSemEMl6IkzWGs7vnufi_SOiNCNV2nf-39OEx-tBl0PNUHQ8fpRjE0448p1NPOrkcTvMyG-EADrkpWLalfIHDMOVWguoF-lbOJSO5OcivgkBl2ksH1jIIYkjPJ5T9qVfD7nQCKnm8DnLgCrz_3C6Z-QSLI4EynEhZvFBqg2NaYZ3Uj7D3jqA5ZM0LW8jOI1QjjsiSu7I6bwZ4eUaYccQuW1Rls45BFgy3ncGTFO4Ak66GIpu707XLMkAApqPHyo-7hfqvNlCCKY1jjb5YejQQlzxBhpi4r6D3mKyWeXZ0c9nlLrPI3etK3021NWwPRyex-POFa9dpUkK0Ck05qUtnBWSWzy8ms4dybnQwoGlbTAc_M2602elkdgBgoZbxX8nYGPlZHcRqzX-OotzgMIbeItcmW_p7iz9mHrCDXMvZkjKr8QxXN-WbfRDB0BjsR_o0OXmk7qGJg8lbUR_N5LuRXXrQTmIpOUNZ78ITFUdaUR4cKE_KKAMgcxQibDnvHaZ37NZ8yxWB0-NeVwR6PPyP5A5y5JQdXgCxy9xnnSN59ebA-QQjoU3CTgDYe8sdtsvOl9fYcuIlR_Wnp-Ig6MSa-8zArObBU67gxdvK022Z-hYulZYo5-nb17iwOUluLYtIMwJRrqF3FM8I4VhYlk7U_3J_LknfXa63a9pJrwtmCIRz3TL0Ng29LMq4P_74CSRUVmysRmnVMk4eDeznydpEDpcGSfYHwKvOznge2XsoKDGFpwEHeHX_xhGu6Tyq46S6G0xAHQvCqWjbqx8Hm_PXaXR0V4PFRSqkdiSZfTBvpdqPDL0o_sFlpDT23oRzk1NAwkBPiqB9pHw7KLQxci1PzFtkqjxvwXVbjHIj0wmdYNTlc5ao-w-fBH_NrRdux
debug: [verified] - 
debug: [response] - 03NUW_Ihg2JbNbSy3rqPx2ycmze0hHguPwmPG1_ABrGawgaGbNgKaRnxeHmCIsNNrbGPt-XjgBJdX8rSDmFEb5Cm-XGtJC6qEEV8ezzKdcMvJx8vh3k8snrWHWVlSOMzivNWA07MrH2IDkMp0Bi8nPZHFj-CXrMVN1ep1EO8hKdVg-rLHsDk-lynF-i2DPTSVRmeR7V_Asr-auW0fCACgL1lvS4oDRDRxCe4m5QhaIa2i4IE-gZ9MbarYsDKdDMD7XEHDpJfqwhyBinpOyA0-0Lyf7nmlfdj3kZU0-gC-csf6Epuh649CPO704EQEf-k_oa4gWOU3Pmng0pEvFGDc8qRAUeTYYjgENLjzGzbV3z0ZVcflDvIfIPk6FrKb141u8WjwfR9qWW0O7nDf21VJfH_sgma9JKcoZGSejDBeyf5FxKloQBi0R6lZL1eSNnc3BcA62OsN15NwUJu481V6CsSYODZdDOhBu89bpuMOnnkKJD_rOBcHJNmhH6-qrb27vkH2shJ_JjrKSjU-w1FuFYtMHNEMqzaKIgSz3eU6E_54rGZS7tbJAHYnyQJF_eS9RfTULPB5d76t8vuiUM9tJHyNgGlfTkPtcF-yk1chXjd1mvUCxt47uMQwM7etv5_fqFJF3XZhw3YDm-HJY3TJZPi2v2TbTOAh7mjM_wxHzT6gi3LVPPeligjQGvwP8OIGWJauVGB-iQOZX3HLa4V3339ywGYB1ld63QDNi5nV-XhcjuOdjAD85mBKAg2ipQHUzjXD0UuLO09nMAPzQdW7TNcMbyDQplCUTT6mW2VZTAzmJ2KDhxHj4lZL-OHHo_wf4SC5sL7zsR9hcmrr60UWhxFUbG7sXus21ZId304c30mRO0Er2w-LaGPYY5woDCi8Dxsytl99YYTZdQwMVPcfU7OICvvT9Z1CdTOl_UYi9jdnr3vbbBxDi6kfaz2T0eZHtDBYpQJdW0EGXospVmK269iQ7wPl2okqlgfItQ89lq7IJW2HsLADwJ2V
debug: [verified] - 
debug: [response] - 03NUW_Ihg6CLWBx-iAmorzxTDDfuzutBUP0tSQLQHGCJnuL6DX6UcDDu98FL5GyNKLW1NRqLnW4FAzFFYg6ieSnab89ysTwNVKKuKVbWx2_Fg8cLSqcFE5CBa36eC3MJpfpFWvMZZbL2mR7cmUue6QMClAtdLvhZBJW0dJ8iIyn7lV9t0DLMe8cJsS7BMcE1ss3npgynb7_PvcYytAKnj0XqxWWmuHX3omRi5LwT6qKvSsn46oPPB2z8Mpr-ioiUzDeU7tiHiYIc2wO-qP_gmojitQN2ibYsFCJt21gpbKnKPGNTfrJWZlSsVKE9jfEBuph0pxRcK__oU-1xPBgLnXYlVH8Prun-hRipY50wWtu4Kbi3td00UWFeCSHTHh44m0Xqe8T47ApOdEHJCCi7OTX6kgjj69zWbVOOU-6L35V0HOCvjghNZpEvNAY5tPJJPsiWuO1gD9ubpEu3NpsyzmwiMSiQh0rReYdF_59imavlns3bXFiy2FWs9xwTt4d5GySDkvbsAZQ8iyLAnwPCXLBTmw2jDWxutpf_NDistFXTx-XWDYuIFkD15ih59wHVBz8bdsHNf8kNDm6dgLWZn6albY239vrxzN0ikZXaFnMOwrZhu27ivg_ReDl11BG2VulHzGy1zhkpcfh3pjQ8hUiPCcCVohcMB8hxdG3utc1C8Ke4qq31cTqGbIKukCzMM5Ld6S8alwvEiAZDhUqFaXvVIQlTx2eF-FZHMdafxOT41waG-ce-MounWUVA2gUTLDfzO4iBP8H-VzMyTvxpFHbovdy_0eaqi5mXomB1WKUgGyBrJiAQSvxl7Mz8-Mkn0-tDq0MItU_jNDcKScyCAzjccPOqSpSA4a_m_6tIgcWnNjZn_fs95dqwbXNZTJEG3dpM0ZySx0wl-MYdzZYXO-4_kbcnBNSTOoDiTq59RvIaXxURtGy9pJ8OFHmmOIOYJr3E8t--rkkTRR
debug: [verified] - 
debug: [response] - 03NUW_IhgSgOy9yh9vU0Eb6qRRhGJO3fs5LBU8qNZqDNVOqmOEOAwdYsL_lmDhWHFDuy1mrz3KdJVE6QaHD8PB2P4D8OLSTxR27ZD7esCMueQmt0ootI3EKuTzlUkXrZptEqiuU5bCznyrNr4__6GppJy3E8Icyc_NwgFrpXCEejXHfy8FnaWaqD6bJ4tITA5UDceMJtsOh-1S8Y6JML7GScKABRSj1P31VFv4BFjOHUqb-NzTXbXJ6t4hunpkladF9Y1yJ_soaTJh3Vh7oIigqBMMFts4tweaBi17t6d9Boj0sjh4I0y075Cx6Iy0POniQrApboL6PakRPr4k3M3yNKpv5IKEZIPc31F1cIfnhhc1kf1WpVmsRYvpl25d1Kfg3CVC6gxauU6z2e-hPpbJBQVQtpNugKSh6u9SjPHkw12W2X5eAaVxi1aeNXtwIoTPJCTb_ArqOCesMhPZtEvH7kZ4a3YMv7m5_Jqpw69FJsFKzNGVpRcC06hgpTkCgbvuRca8lbxBOiB2NJLrRqzgHukWUr7JqK20LOXL-glYvIXFqUvuSP5QHdRNeexWElq3C6wb8OJTIgylv--6aqi9OEcUsHIIU_yGjckCfg0rzFp-WLhR5xGYwPVDwLHtz7aAQ-ZuRGbBKVVxxPnK4Z1iFx5n6_ZFW6BTzPRtFvW-dwxDMp7u2OExJDyv9Ovap7VlHtNWXIJZpuYJGzE11KsnNZ2SfiQCNyKDFlyWI0pjccDbwU1bpjRhCYJNWz1qZWTrC508fsf8TYn0o3oy8wY2wbSIJZaT_YCa4yginjcptq9nYvQZNKNbM9mul5xWdM8DuXoip0jErdzbNtxfYQtIo93HcBO7izmxDk5V_JFFvV5JKCop7fiPme25162-cfYi0agkTCLqqlwRKMVzEMViTKfmhtKNUyi3GbN5inSi07mVwc2cXGLULFQqQuOyMvdC1gHKAzWGPTeag3a6pjhkC6jfVdC0z3iXzj
debug: [verified] - 
debug: [response] - 03NUW_IhfwJFWmeQseCSfW2jlLEPF4UDScnxbtkWQScc8MqAtarJ__1qndjgjEAmTwN2VM1Wbda6ESNQFqfbBiffH8Yzkj2dWMnqCH3HqbVdXggMgod4H-xM24NphFyZc44BPzXtjm3r3coFoBxY3JLg0kAKvChYYspPmsUbqVHvkYPVyOPRYl515qqeY2jh2r-ohV_CuPi3poSgkUNC_7Gk4weoLcNDj0MAN-CWtd55-ps2aVmuvlV6XD8yF99cK_G8xuEdjrKeE4eL3S6G76gHnKyPVGcnsQuGgDjLFIZPmWJMxEGNqyyrIw2Lr2xhBExAUGu6gKLnzV8ICtZKPJFoI7eQpuJT6rj2XUWx0sDeyr3CFnAxL__RJD1j8ePANmnG7gXZP8iBqSaOqo6x2MIOJVs4ys_8Q-OklxdIEgsbF85BsTffKcc3RaClJa7mdqSylmh2KFSCH-oUYGr8z63w2esCXVeC4Ipa2PKrddV_vnerJOggORtpM-76eywvaMiQhfoeYkFFb7zA2aKjuHEJl6dMfqe2gus55IB6N5Ja_S1vZVxVdaWUlPSZ7fzfcWiQq2lZW2wMuGDdJ4evK5SEb6yVFC0dcu3qVX4eyKG7ijoSbHx8M9NWFvOH5GGADGuSgMr8FnTKttXjPwSNBuEz6DjZ-KGLBXsBaQOe7-C1IP6aHZUbQnF_ewkhTdKVEqYX1lXysfbcJG4poWIJuslkgMyt0E3epFvm3CT7-ZjbEuQNvrowgV_7sqch0L8nphmtijxqqnhAYGwhr9KGRYKYXMyXiePvIqc-rtmAuHMQkkFs6KTJMEr4vCHdX8aCLAE98Cn5Fd-ArQdbt3tH_xDYVJkdpxfZPTQmKnUiDlIfFerL6Tzj9jM8H-a-aYeaiZAgz3RuPOscTrUTS3CyrAEWDj-d_AVq1n8tBjvyNbq95n_JdTFfL6lMFka5UqcJKeXc0ZS4ieo28j18LPecPup3W5MJRVpaOBYxAaJQ9kCLsfIVJxbBG5Lbj
debug: [verified] - 
debug: [response] - 03NUW_IhgGGY9p5s1JUuTF-gS3pcBx0IiSVTAwBhrs-T6Sj4DH5sJiQlLc9TIwoIpbbpvOiZUZf3SWUEQaR1ZDYXLVq7x9FjAWUHA2Xue0Im2SztnI2Z5JQUTqENcMZKeL4PVY2bAe3Hg_3J6SJ6NgaFF_xRe_LtDxpMc7WHmWBAkc_or6u17xyiGLfJZofd3jBjmcptarp828QYB8naY-GyhZugPVnO6uvxkahvQ4ivXvlkcWcz7t8q1rxRFiMkhBxDjsTMLQPkIa9yfs_kt1Wd2vvH6wdlPLmJWxQ9JXHiHh7ksYM2RH_1cxpIwVGJnYm2fYeA1YwLEUg044Wwy2PRs3u900ta8CMiMUiKdxhAh-cNo5Zm1VFFIMU3iCoJq_fYeT2KSSgHfUm2YjJ481Fff8gGHelbbjHlYa-nqvsgHesCyoUubu4MU8tFY7C7M00xrh8kvsAaTTHC02wE0nTNkc-mhT4IVgm-8jnPn2PuFyOPIQHfRJ6vE7Ott0ObU4ApeUCu3p3hqWB1HPJMI90V9YfLQcr0GcW-J6axcvJ1SfVl_JtV3MlK3-V8Dx_N3q4cX7ZNHieMAYsIp_Y0wWBTE4E8UcZHCAX2J593Uf-2uV3kFD2H02HWCfab00ggwLrUQ1l8gmHxTuK2n6AikwgZWpPOzC7gFbt9lL9Z9AI-RkPYKYLi-RdOIndQKCMorbFkvd5y_H1eG8CoApTbQeLuYNDvfMp6u-crcElPc2k7hbIpEOIHZIQlb7sLT5uVliNkii30romThL4w8T0xRk8JaJtLnZO-S1elUqupdC4-5LNUfeZZgkcI6WyZeNMdPgpK2_WSZd8PMP0pmV8R2BoMK7zi41-ZAVUizRbjvDcuWCwdk0dRTe2lBlsn9oKGkKvUtARhC3HvaO6UFR5BQbBll27QDbxAXIBa-qTrI6b4IxE77ZS6ML6hQXO3GSAHskbnDMtZIQ2hAo
debug: [verified] - 
debug: [response] - 03NUW_Ihg_QVplyBSkwJvzMszw2pz7tRSOJ2dNT7-Kn9pKC9Ac6_lA4F-EHVEamwD9xwxz_cThA4Mo1PqwO_xguBTcnIWHBaryVvdS6yptcmsjlGzvtu7ckf2O2-8tOo8PwvTycuUm9aTnvCWgyNFlYuhQaR49w4QQ2VPSYnyZUNn2LKkJc--tpExqJVnzjd6uc2R8L5d0Sm-DSEuqxUd9RV-pbAGsZBMJCNzxfKHOASClgZKdDHT5Z0hRVVG92T59ndSm0BYBr_PfJph_iTR2tAJ7Zhl9KMLRQ28VdaP-aQmZ6713gnVxHQ250OsLCBXtaTBDXGQg2cx297ZQenndNnAZq60xE7D_ph3EMdf7MRzszrJgHxGD848rz51E_Dm566QCp1xlGqGr8yiNDDEbb9Jr8bPLdDCj0Kevqwr7ZisUoOF0GV_gFcQiadMVMqyU68qyQv-D7JuEmKncKiLkVukODuY1PHBNl2eF3C8L2J1UwB20PnfujISPODJRpMhYcmyPIOTtQ70g03BEhKXr57vess9Km3h1E96f5-nEcVqQ2skxP1YnPyjzqtwVqpb0Ncfhgjz7NauiBxHrrxujorZ9Z3wAUXvC969tQR8t4gLSB24WxGfr6aLavtAWTyPmOS0Et24zHx21snWVpJbph0fnTqPfbRLWJDppeuvsFKvo50Om-jXjHFVVQXyJqhYW8o1aN7ObASqBo1spDu6fC6QEn_uky9nhIsDxbbmuqZf45Z729ZOX-W5cY5nVjYv_QzGBDP5NMQsndjb0bQzqt01rbJLp0ns1SgU08J1CKfOcObS-hPDKGyIsQeHBJO5cj6nKe7JCuJPQDrmPcnAwCm-L1tbdW2ywvK2boBbUnhAcSz2VsA7hXH9JDu7GnD8ojJFDAy83AT98hkRrRbhnVoVRXcr2mg6dfpfpIayNPzmoP6m9D2yhU-QnBLWIAYzQAiTs7MomS5cMujdxTv4mXCvyAPwra7ndBt
debug: [verified] - 
debug: [response] - 03NUW_IhfHavPvLGSlNbT9AaaB_fJcO4qtbvnZdmakofUjEp64qHB0mkbMm7zo3Kf2xUjXzosQ2FZ895msoH09hd1xt-33tvJDi--YLRc2eUyXOb8tA-a4hNRGhYrLdZX0SiEwl8zlO9ACOWkKK0lhLJoExz5Zvz_BSWd3djjtTsH_OaBhDu57gIKJC5Oe3gGNvnYv1Xg_wGMJ3_bxSy5oPf9VZDJkn0rgmLCIVT7pnGYUePJ6byM7_bXnJPPZHet21sNrigtFVNN-mXhYfsadgHbeupXFgifxK7UbeTLlhYhMfx7QZbFEmJycynGPJ64TEDGZpbFfsrnLCguixTMu8Pzk3V0PYOHlqRTfojoAwt7ye24KkrKXbUGmRuUBG1QsEqGrfoTT5DUWzgYxBizM7s5gpcB2HUOXtZIukmuP_ynAKAaSfT4uU8xp8qEovfPBlVydDwvmiuVua9YGc-jzVV5B9q05qxSpToehc40PJaaLCFQeaBdRT8Zcxwp5BTkrxOqTP0ndQqLs8JqzlCtVguJjYKoqOJ4PwVts8rQEGYzcNUgT2EIiYLPtrS5B1NzES-i-UngPVpIKIB3fDcvT1LwcB6PpbLXsJUfyaF-0PaFs5PMldjsnTKim2o47eEtwURPmql7MliMrxl8jPT48Nz8TMHSI3DDQ4Ym-rwCtbx6dgbYjAxADF1-v1GrUYk15J90PTMqM8aBB_cbByUzunsOgpBXZbE-l3PRZbYnK_1MsuG4tZ_05xyPRk8xU-oxO8sz3Al9bhISbfOWlteD4Inkvl-qmPO_9eKbnXhhaALuX0vf9EGGZOdckcscifenWG8GSgRk1F1W2UEs6zFMyairUj55EPW9zuHnZJdcFrBXLTmNTqe_vsFOYiOvucvmqjwOK41PUgGUP7axxYWcbXiEfRVwnqSRZBZjlDunuab1E4Z6HAn7TodinAGwHjaKC7Q4dLcabTJ92F2_8ntRJXDNUMiV78UK86t
debug: [verified] - 
debug: [response] - 03NUW_IhfYq1i2ZpSPfQ07jdwIE9sBQk4aUOvu2Hg8doKHACUYG8kKVZ6NWCg-3iig9yLlXteAUmjFP_xNsWuBuSEj0xJg3RTAxaY3rUZbSYkR9U5T94bUsgL4Q-1V3qTB3-IJXrKuPjc55hVzINx9dYgOmTQS_jvSCaZBmcgWOezB25vz7Qb4W42f9_oenLL9VCNbl8CaOhIHE-YWhBRXnAimD7Bbh1ku_QC5jA_xbfEjdoDfbStsd59b-DdG5nMh1zkCjyiGGOo8nat2YI_VNGQYI2OzRTlvzqArh1kyFydnEl4V3SlYkAXN4Rj4bMJ3KN3pWv4bDW7Z47q7bVZ2-0HwRXc54dPz-RTRTgviaYpnRotpznRwJ8AYCOME5QgeQDTcZcH0dCROOaHurrc5a6QSAbUQDGiuIxuMUO5v5ifryLrDQaOvjs_TnGP4gExhwoV40QoOuM6EzrS0SignwM65eC5IRRVW0QUIxsK4cTQqPHGq5G2wjXRZ9fQEXbwHFPCog0bG-Bebh5PS3-6r1VRf3iuC46bpLE8OCrAWfsNSoYqCXVlhsHV4FVdYYgCr_Xss-AZP-ZnfXG48iSExJaecc9gtCyOU_YmGQy84Asn-RgDG8PulHuaIE9AEJGbuoUfSgczpePRCe-X1sstJUWbd4lDpRWBWRThLWZVbv4rvsYvX86kh4vO3L9-Y19IrYj47FdlnEZm3IGNfKkUBMGQeydezE-VQ6HCz5HDebt3FkRmt8zawxkTk48g7sXTnBRqLcCZ1hRsBze_UeCg3mQO1omvSVXqh7bAksHzQb8YPP0vKvabjUVzo8QaTLsPbfNEyamgjuLy2rM9v6cAncHrRrK_RCph5dacn17eFY4PeapEV6PNVqWsouMk7Y1gMwi9NDk866xjBA9nki93pPwqzXMqfr8ncuSyzZ0exsnjwCSs4UjEtv-6E_koI4wXkPf65baAq3cqH
debug: [verified] - 
debug: [response] - 03NUW_IhiPTutNZkVnTPG_5IreMHhjEYKzE5vi9wYLTaoEw_mgkK_l_vdUYAOj_Xqh_Yy2hBTWf1PFc7B6lLrWXBuU1_IxBFZFBSK8j914neEJ4qdPNfzgXcfAilGBVBRA_LuyV9BRcoZf2B29WHP9EOma1OvIkdkvbQMADI6Cz9w1Yl6FRVB5FxhO5_YlJAbP2dS1MuHBqX_ftDdyAzTq3jTyL5Iip6FVXqK-SGJwU7Z-nZrmgiuiMUbPSEq24ZLJYA8pSWItDoe3TEiDMEPh4-e7mdkhDmklMfYFvq5pZ0gNhm3syEP5mueT3LLS_4nWgu9Uz0VtLRaX-w-Sqev6TM6QCEZB168Rjq67VaZvsQXJ8-Q43sMmL4ROIEc07SnEydNR6MaeQG16aka50UjicfwvpMXEQP8bcOhQWWjj42JCuubxW2OZ-Gfq9JW7V7RD_8nYiMregeKwUpTGmV5UiYtqcpIqRgVRjrDZa3fcLgs3GxLoZW-B-If-4cbiGXytodGCe7TAlka6U_ho7RM-vAXEGHblXBralNHLoJkbvIYWvhGBNpmcJtMSyrq6A2uXgQYzytO2blVmoI-daYf6-aSePXf7AyiU4TopVcl6c484X17cxQJTlqW0U_SH8KbA9V5n31RlrJVrHox9qPsN3BRBEhGB-vibMRefJ1BNUG5JYey_-RDkfM0C309x1hRsHhAK0kBEM0glrA2_zPxtpIHtspAB4kQ-IObWPlpBAjxBXj4zMaBtRYiIBgEFLk0r75AQZHezEJdgwMuQIYcOTyv7PpAa4J5KkypUlVo7FZw_3LpCh9yCf96vWFyfVgXHjAHpvSsFZdYW7n8bLkqI2ci0NCEDLG-ZFFHwyO7iNAzAfRQO4BqrhDlQZ1K5ahfsj1a9iFkXDe5L7chvdaGxJUd08b9Z3SZ723kMgL-WEmOl-rZSE5Vqsk5bZ5gaEEY7oqNRKs_kT2SQElfFWT_g7X0d-yi904iARcKT75JDpAIUBOLYlQ6QhRZ
debug: [verified] - 
debug: [response] - 03NUW_IhgF1u_eNuPTiimcuS7rc-UJXlqEgdYM3f0UJZoWoIisPM3tUw9U--T0g-IeaQ1DmFuwF-4uJoNCD6ffPeHmvp-QGaAAsh2pRyvRVhznUDD70z0gdNgeWEWrHT2Q4r8xYWSpPRNaC_gu28r7Hq7drMBbRsBByoOffJ7cnLmthon2xzxyjG1OLNDxnvgtNq3-myPk6ioXIz1KCqhhEtUdBYwcuyVY2Vq8KulFzjWCwtG4r7XW73VdYGiGv_CU6aOnZozeyFk1CM0ZnK83bFWMS3r33jEVCcQ7nkFJnro5uEUW825BFQYh-rWui_V1x5Xj77GCLjiZomIHOGmTAT1j-fAzPByXXnPgKoXlBDhawjuRUKdbvPFSM1WDBmFXtGqHl2kgPQOKlgY05NyBF8p6MOqgA3yb21jRn3GarWRs2-KuOaxKPCrknoktsAR9gnH84jelM2l25Hj3RQ4aYjZmIwKkw5EBA97pa7OQUGQBgF3LqDUqqsFylsw3nbpa6fh8i69UJMDVUU7D0euXLQA0BbO8qbRGSG0Z6w1Syka72FZuGT1qR2BYi6-PXi9ZRUlUxzSdl-gQTEpBwZbjxbCS5lpM7JvOuFgy4q-bjp1AFl2leHdEreDbGxzDZ13C2EU5VFdcOxihUvJ7h88ncRVYmbZNCGRWAnWf9o-2O1T1fK42SkThe_sVpCryZfKi2K6JTRGBYqZhTngQepgT5jYlO-9CBaiAEFZQTJZI_u7M-WQVINnzyXQ6UVhZSiJ9dTR8pEJ6eX3xP-gVqWDs-DSNU6PK1OSPW2u2_nQqmzt1WMKsCa0DaEXnS0isHVHW3fL7XkltJtbm0KxWAQRMRy1mEI9Nmjl_pAE5VCmiBI5puoqfBR7m55-19mMBgos4TNMvjshCiAZSqxKNpf_f4erQeQp00nGSF82AFBA_6Wz9UvrPYw1bngeIRUTvpXBmKgFj7fHm2TQPfKVJ9XxzL05qzfaBBv1Ssv6ymCyd6aLz-jJ5VJIrvX0
debug: [verified] - 
debug: [response] - 03NUW_IhigezS0XinR6xaKtDvJCn35C897KjImlAqS_1j4381yrrUd_PIYsBXmdbOmjFpniGdFkzcMu_eOCI4O1m7ugTjFmf5f8B1jrpJ98SWjfxWWKaeQg2Rh4TiEZgnM4ODfpvDdhGqO_05KMBje_ABwJUMgYb0K5JS4ELcw4KQVaXoQpQl8xNouETY91lqH46qvcIv0n8IbxOvociDtNRQc2QK37OZRvIiSWDK4T6jQuR6y8XjV0eNI4fsOgXvZePtYPGFVspy49EOwKrwQtS_3v6B_GmE-Jvow-uiyrjI879-ZxhvQCDGunyF7ILgYwzN1j_PkA55GpjNUIzKH9UxzMUmBplPL7DnBH3YIO0YZ1wuDGEZndQnWCsUKQDnMFXoRnb7kdhg01u4CXNXz0R2XrGIc_2SZo2lhr47jceF62M7QgtLZzS3k3Ubmik5wqNso7PNpWh4myGDw90esGCi8sf5gN9bP8L2Yz8uwilihmElREDB3uRlUref3fY0g2ID4zdA7spMVNk1xDCdVidaXsoIZJTetfKbH6es4jWGD7ph0ssGwc0F6tPbZv-7iMO_0tAHFursZSr5DUbXkR7kOvgMZrs71BURx142yxz0IDvGL740NTl3e1qW4OqTicDkaEQkCNadzatRRQglCEL0TTsJuO1sffbuBObbDvcqfMxT6uZiX9BwpJ83muwG9Kg8uOaTs3CCIFpnFoCKHd_8gtRGHcLbZ8_rd1LFaFWAvGbmum3St9zp0Tlknqol7IXHvBozwCTQC0rT6TZTJW3iddljpyOCZQDE1b7W6kUhUYgMAr_USHLFJEz0a2OZbeQ5iaTDpAix5NtTpWLhdHWAtPd2_iXCoSyvksur04dWIOOeJBdjXY_H2KAFaR7-98OHkhk-sjKx2
debug: [verified] - 
